<?xml version="1.0" encoding="UTF-8"?>
<TestRun id="54b2e487-5353-4456-99db-48550d4853db" name="win 8@MANPREET 2013-02-20 00:16:48" runUser="MANPREET\win 8" xmlns="http://microsoft.com/schemas/VisualStudio/TeamTest/2010">
  <TestSettings name="Local" id="44b73a73-a24d-45e2-b7cf-2fa08e5a3545">
    <Description>These are default test settings for a local test run.</Description>
    <Deployment enabled="false" runDeploymentRoot="win 8_MANPREET 2013-02-20 00_16_48">
      <DeploymentItem filename="G:\Study\Mckinsey\Project\GameOfLife\GameOfLife\GameOfLifeUILogic\bin\Debug\GameOfLifeUILogic.dll" />
      <DeploymentItem filename="G:\Study\Mckinsey\Project\GameOfLife\GameOfLife\GameOfLifeCoreLogic\bin\Debug\GameOfLifeCoreLogic.dll" />
    </Deployment>
    <Execution>
      <TestTypeSpecific />
      <AgentRule name="Execution Agents">
      </AgentRule>
    </Execution>
  </TestSettings>
  <Times creation="2013-02-20T00:16:48.4129032+05:30" queuing="2013-02-20T00:16:48.4564158+05:30" start="2013-02-20T00:16:48.4694241+05:30" finish="2013-02-20T00:16:48.6575491+05:30" />
  <ResultSummary outcome="Failed">
    <Counters total="1" executed="1" error="0" failed="1" timeout="0" aborted="0" inconclusive="0" passedButRunAborted="0" notRunnable="0" notExecuted="0" disconnected="0" warning="0" passed="0" completed="0" inProgress="0" pending="0" />
  </ResultSummary>
  <TestDefinitions>
    <UnitTest name="ParseTest" storage="g:\study\mckinsey\project\gameoflife\gameoflife\gameoflifetestproject\bin\debug\gameoflifetestproject.dll" id="0df89ded-3a96-8da7-d572-47858f8ce27f">
      <Execution id="f65edcc2-07e2-4e49-9188-bbeabe82b059" />
      <TestMethod codeBase="G:/Study/Mckinsey/Project/GameOfLife/GameOfLife/GameOfLifeTestProject/bin/Debug/GameOfLifeTestProject.DLL" adapterTypeName="Microsoft.VisualStudio.TestTools.TestTypes.Unit.UnitTestAdapter, Microsoft.VisualStudio.QualityTools.Tips.UnitTest.Adapter, Version=10.0.0.0, Culture=neutral, PublicKeyToken=b03f5f7f11d50a3a" className="GameOfLifeTestProject.GridRowColumnParserTest, GameOfLifeTestProject, Version=1.0.0.0, Culture=neutral, PublicKeyToken=null" name="ParseTest" />
    </UnitTest>
  </TestDefinitions>
  <TestLists>
    <TestList name="Results Not in a List" id="8c84fa94-04c1-424b-9868-57a2d4851a1d" />
    <TestList name="All Loaded Results" id="19431567-8539-422a-85d7-44ee4e166bda" />
  </TestLists>
  <TestEntries>
    <TestEntry testId="0df89ded-3a96-8da7-d572-47858f8ce27f" executionId="f65edcc2-07e2-4e49-9188-bbeabe82b059" testListId="8c84fa94-04c1-424b-9868-57a2d4851a1d" />
  </TestEntries>
  <Results>
    <UnitTestResult executionId="f65edcc2-07e2-4e49-9188-bbeabe82b059" testId="0df89ded-3a96-8da7-d572-47858f8ce27f" testName="ParseTest" computerName="MANPREET" duration="00:00:00.0258722" startTime="2013-02-20T00:16:48.4704248+05:30" endTime="2013-02-20T00:16:48.6275295+05:30" testType="13cdc9d9-ddb5-4fa4-a97d-d965ccfc6d4b" outcome="Failed" testListId="8c84fa94-04c1-424b-9868-57a2d4851a1d" relativeResultsDirectory="f65edcc2-07e2-4e49-9188-bbeabe82b059">
      <Output>
        <ErrorInfo>
          <Message>Assert.AreEqual failed. Expected:&lt;(null)&gt;. Actual:&lt;GameOfLifeCoreLogic.Grid&gt;. </Message>
          <StackTrace>   at GameOfLifeTestProject.GridRowColumnParserTest.ParseTest() in G:\Study\Mckinsey\Project\GameOfLife\GameOfLife\GameOfLifeTestProject\GridRowColumnParserTest.cs:line 83
</StackTrace>
        </ErrorInfo>
      </Output>
    </UnitTestResult>
  </Results>
</TestRun>