<?xml version="1.0" encoding="UTF-8"?>
<TestRun id="ced8d37e-4185-4a55-ac32-3f15f21db813" name="win 8@MANPREET 2013-02-20 00:12:48" runUser="MANPREET\win 8" xmlns="http://microsoft.com/schemas/VisualStudio/TeamTest/2010">
  <TestSettings name="Local" id="44b73a73-a24d-45e2-b7cf-2fa08e5a3545">
    <Description>These are default test settings for a local test run.</Description>
    <Deployment enabled="false" runDeploymentRoot="win 8_MANPREET 2013-02-20 00_12_48">
      <DeploymentItem filename="G:\Study\Mckinsey\Project\GameOfLife\GameOfLife\GameOfLifeUILogic\bin\Debug\GameOfLifeUILogic.dll" />
      <DeploymentItem filename="G:\Study\Mckinsey\Project\GameOfLife\GameOfLife\GameOfLifeCoreLogic\bin\Debug\GameOfLifeCoreLogic.dll" />
    </Deployment>
    <Execution>
      <TestTypeSpecific />
      <AgentRule name="Execution Agents">
      </AgentRule>
    </Execution>
  </TestSettings>
  <Times creation="2013-02-20T00:12:48.1282597+05:30" queuing="2013-02-20T00:12:48.1986371+05:30" start="2013-02-20T00:12:48.2016391+05:30" finish="2013-02-20T00:12:48.3707514+05:30" />
  <ResultSummary outcome="Failed">
    <Counters total="1" executed="1" error="0" failed="1" timeout="0" aborted="0" inconclusive="0" passedButRunAborted="0" notRunnable="0" notExecuted="0" disconnected="0" warning="0" passed="0" completed="0" inProgress="0" pending="0" />
  </ResultSummary>
  <TestDefinitions>
    <UnitTest name="Testing_ToConsoleFormattedString_ForThreexThreeGrid" storage="g:\study\mckinsey\project\gameoflife\gameoflife\gameoflifetestproject\bin\debug\gameoflifetestproject.dll" id="ff69f244-b30e-6054-5551-55069c53785c">
      <Execution id="f01b535f-5d37-42c8-afc8-5d0ed1fb3432" />
      <TestMethod codeBase="G:/Study/Mckinsey/Project/GameOfLife/GameOfLife/GameOfLifeTestProject/bin/Debug/GameOfLifeTestProject.DLL" adapterTypeName="Microsoft.VisualStudio.TestTools.TestTypes.Unit.UnitTestAdapter, Microsoft.VisualStudio.QualityTools.Tips.UnitTest.Adapter, Version=10.0.0.0, Culture=neutral, PublicKeyToken=b03f5f7f11d50a3a" className="GameOfLifeTestProject.GridExtensionsTest, GameOfLifeTestProject, Version=1.0.0.0, Culture=neutral, PublicKeyToken=null" name="Testing_ToConsoleFormattedString_ForThreexThreeGrid" />
    </UnitTest>
  </TestDefinitions>
  <TestLists>
    <TestList name="Results Not in a List" id="8c84fa94-04c1-424b-9868-57a2d4851a1d" />
    <TestList name="All Loaded Results" id="19431567-8539-422a-85d7-44ee4e166bda" />
  </TestLists>
  <TestEntries>
    <TestEntry testId="ff69f244-b30e-6054-5551-55069c53785c" executionId="f01b535f-5d37-42c8-afc8-5d0ed1fb3432" testListId="8c84fa94-04c1-424b-9868-57a2d4851a1d" />
  </TestEntries>
  <Results>
    <UnitTestResult executionId="f01b535f-5d37-42c8-afc8-5d0ed1fb3432" testId="ff69f244-b30e-6054-5551-55069c53785c" testName="Testing_ToConsoleFormattedString_ForThreexThreeGrid" computerName="MANPREET" duration="00:00:00.0271003" startTime="2013-02-20T00:12:48.2036404+05:30" endTime="2013-02-20T00:12:48.3587434+05:30" testType="13cdc9d9-ddb5-4fa4-a97d-d965ccfc6d4b" outcome="Failed" testListId="8c84fa94-04c1-424b-9868-57a2d4851a1d" relativeResultsDirectory="f01b535f-5d37-42c8-afc8-5d0ed1fb3432">
      <Output>
        <ErrorInfo>
          <Message>Assert.AreEqual failed. Expected:&lt;- - - 
- - - 
- - - 
&gt;. Actual:&lt;- - -
- - -
- - -
&gt;. </Message>
          <StackTrace>   at GameOfLifeTestProject.GridExtensionsTest.Testing_ToConsoleFormattedString_ForThreexThreeGrid() in G:\Study\Mckinsey\Project\GameOfLife\GameOfLife\GameOfLifeTestProject\GridExtensionsTest.cs:line 120
</StackTrace>
        </ErrorInfo>
      </Output>
    </UnitTestResult>
  </Results>
</TestRun>