<?xml version="1.0" encoding="UTF-8"?>
<TestRun id="9c9d61a1-abfc-4476-a5bc-f79df012db56" name="win 8@MANPREET 2013-02-20 00:04:55" runUser="MANPREET\win 8" xmlns="http://microsoft.com/schemas/VisualStudio/TeamTest/2010">
  <TestSettings name="Local" id="44b73a73-a24d-45e2-b7cf-2fa08e5a3545">
    <Description>These are default test settings for a local test run.</Description>
    <Deployment enabled="false" runDeploymentRoot="win 8_MANPREET 2013-02-20 00_04_55">
      <DeploymentItem filename="G:\Study\Mckinsey\Project\GameOfLife\GameOfLife\GameOfLifeUILogic\bin\Debug\GameOfLifeUILogic.dll" />
      <DeploymentItem filename="G:\Study\Mckinsey\Project\GameOfLife\GameOfLife\GameOfLifeCoreLogic\bin\Debug\GameOfLifeCoreLogic.dll" />
    </Deployment>
    <Execution>
      <TestTypeSpecific />
      <AgentRule name="Execution Agents">
      </AgentRule>
    </Execution>
  </TestSettings>
  <Times creation="2013-02-20T00:04:55.5583417+05:30" queuing="2013-02-20T00:04:55.6214444+05:30" start="2013-02-20T00:04:55.6264501+05:30" finish="2013-02-20T00:04:55.8345870+05:30" />
  <ResultSummary outcome="Failed">
    <Counters total="1" executed="1" error="0" failed="1" timeout="0" aborted="0" inconclusive="0" passedButRunAborted="0" notRunnable="0" notExecuted="0" disconnected="0" warning="0" passed="0" completed="0" inProgress="0" pending="0" />
  </ResultSummary>
  <TestDefinitions>
    <UnitTest name="Testing_ToConsoleFormattedString_ForTwoxTwoGrid" storage="g:\study\mckinsey\project\gameoflife\gameoflife\gameoflifetestproject\bin\debug\gameoflifetestproject.dll" id="23ca1a0d-ff21-f469-deae-9b6a143b9c8f">
      <Execution id="34b0859b-3faf-431b-9170-e9b7a22aff12" />
      <TestMethod codeBase="G:/Study/Mckinsey/Project/GameOfLife/GameOfLife/GameOfLifeTestProject/bin/Debug/GameOfLifeTestProject.DLL" adapterTypeName="Microsoft.VisualStudio.TestTools.TestTypes.Unit.UnitTestAdapter, Microsoft.VisualStudio.QualityTools.Tips.UnitTest.Adapter, Version=10.0.0.0, Culture=neutral, PublicKeyToken=b03f5f7f11d50a3a" className="GameOfLifeTestProject.GridExtensionsTest, GameOfLifeTestProject, Version=1.0.0.0, Culture=neutral, PublicKeyToken=null" name="Testing_ToConsoleFormattedString_ForTwoxTwoGrid" />
    </UnitTest>
  </TestDefinitions>
  <TestLists>
    <TestList name="Results Not in a List" id="8c84fa94-04c1-424b-9868-57a2d4851a1d" />
    <TestList name="All Loaded Results" id="19431567-8539-422a-85d7-44ee4e166bda" />
  </TestLists>
  <TestEntries>
    <TestEntry testId="23ca1a0d-ff21-f469-deae-9b6a143b9c8f" executionId="34b0859b-3faf-431b-9170-e9b7a22aff12" testListId="8c84fa94-04c1-424b-9868-57a2d4851a1d" />
  </TestEntries>
  <Results>
    <UnitTestResult executionId="34b0859b-3faf-431b-9170-e9b7a22aff12" testId="23ca1a0d-ff21-f469-deae-9b6a143b9c8f" testName="Testing_ToConsoleFormattedString_ForTwoxTwoGrid" computerName="MANPREET" duration="00:00:00.0613939" startTime="2013-02-20T00:04:55.6284511+05:30" endTime="2013-02-20T00:04:55.8225797+05:30" testType="13cdc9d9-ddb5-4fa4-a97d-d965ccfc6d4b" outcome="Failed" testListId="8c84fa94-04c1-424b-9868-57a2d4851a1d" relativeResultsDirectory="34b0859b-3faf-431b-9170-e9b7a22aff12">
      <Output>
        <ErrorInfo>
          <Message>Assert.AreEqual failed. Expected:&lt;- - 
- - 
&gt;. Actual:&lt;. . 
. . 
&gt;. </Message>
          <StackTrace>   at GameOfLifeTestProject.GridExtensionsTest.Testing_ToConsoleFormattedString_ForTwoxTwoGrid() in G:\Study\Mckinsey\Project\GameOfLife\GameOfLife\GameOfLifeTestProject\GridExtensionsTest.cs:line 86
</StackTrace>
        </ErrorInfo>
      </Output>
    </UnitTestResult>
  </Results>
</TestRun>