<?xml version="1.0" encoding="UTF-8"?>
<TestRun id="336841d4-7fd9-426d-8b7f-6c33a4b82638" name="win 8@MANPREET 2013-02-20 00:20:16" runUser="MANPREET\win 8" xmlns="http://microsoft.com/schemas/VisualStudio/TeamTest/2010">
  <TestSettings name="Local" id="44b73a73-a24d-45e2-b7cf-2fa08e5a3545">
    <Description>These are default test settings for a local test run.</Description>
    <Deployment userDeploymentRoot="G:\Study\Mckinsey\Project\GameOfLife\GameOfLife\TestResults" useDefaultDeploymentRoot="false" enabled="false" runDeploymentRoot="win 8_MANPREET 2013-02-20 00_20_16">
      <DeploymentItem filename="G:\Study\Mckinsey\Project\GameOfLife\GameOfLife\GameOfLifeUILogic\bin\Debug\GameOfLifeUILogic.dll" />
      <DeploymentItem filename="G:\Study\Mckinsey\Project\GameOfLife\GameOfLife\GameOfLifeCoreLogic\bin\Debug\GameOfLifeCoreLogic.dll" />
    </Deployment>
    <Execution>
      <TestTypeSpecific />
      <AgentRule name="Execution Agents">
      </AgentRule>
    </Execution>
  </TestSettings>
  <Times creation="2013-02-20T00:20:16.7017525+05:30" queuing="2013-02-20T00:20:17.4648067+05:30" start="2013-02-20T00:20:17.5048333+05:30" finish="2013-02-20T00:20:30.2075397+05:30" />
  <ResultSummary outcome="Error">
    <Counters total="1" executed="1" error="0" failed="0" timeout="0" aborted="1" inconclusive="0" passedButRunAborted="0" notRunnable="0" notExecuted="0" disconnected="0" warning="0" passed="0" completed="0" inProgress="0" pending="0" />
    <RunInfos>
      <RunInfo computerName="MANPREET" outcome="Error" timestamp="2013-02-20T00:20:30.2065391+05:30">
        <Text>Test host process exited unexpectedly.</Text>
      </RunInfo>
    </RunInfos>
  </ResultSummary>
  <TestDefinitions>
    <UnitTest name="Test_Parse_GridRowColumnStringIsEmpty_GridIsReturnedWithSpecifiedNumberOfRowsAndColumnsAndNoLiveCells" storage="g:\study\mckinsey\project\gameoflife\gameoflife\gameoflifetestproject\bin\debug\gameoflifetestproject.dll" id="7c5645e3-c97b-479d-1390-9e97d1c2879c">
      <Execution id="3bd38178-8c47-4a01-8efc-adbac51a5bb7" />
      <TestMethod codeBase="G:/Study/Mckinsey/Project/GameOfLife/GameOfLife/GameOfLifeTestProject/bin/Debug/GameOfLifeTestProject.DLL" adapterTypeName="Microsoft.VisualStudio.TestTools.TestTypes.Unit.UnitTestAdapter, Microsoft.VisualStudio.QualityTools.Tips.UnitTest.Adapter, Version=10.0.0.0, Culture=neutral, PublicKeyToken=b03f5f7f11d50a3a" className="GameOfLifeTestProject.GridRowColumnParserTest, GameOfLifeTestProject, Version=1.0.0.0, Culture=neutral, PublicKeyToken=null" name="Test_Parse_GridRowColumnStringIsEmpty_GridIsReturnedWithSpecifiedNumberOfRowsAndColumnsAndNoLiveCells" />
    </UnitTest>
  </TestDefinitions>
  <TestLists>
    <TestList name="Results Not in a List" id="8c84fa94-04c1-424b-9868-57a2d4851a1d" />
    <TestList name="All Loaded Results" id="19431567-8539-422a-85d7-44ee4e166bda" />
  </TestLists>
  <TestEntries>
    <TestEntry testId="7c5645e3-c97b-479d-1390-9e97d1c2879c" executionId="3bd38178-8c47-4a01-8efc-adbac51a5bb7" testListId="8c84fa94-04c1-424b-9868-57a2d4851a1d" />
  </TestEntries>
  <Results>
    <UnitTestResult executionId="3bd38178-8c47-4a01-8efc-adbac51a5bb7" testId="7c5645e3-c97b-479d-1390-9e97d1c2879c" testName="Test_Parse_GridRowColumnStringIsEmpty_GridIsReturnedWithSpecifiedNumberOfRowsAndColumnsAndNoLiveCells" computerName="MANPREET" duration="00:00:12.6756888" startTime="2013-02-20T00:20:17.5318509+05:30" endTime="2013-02-20T00:20:30.2075397+05:30" testType="13cdc9d9-ddb5-4fa4-a97d-d965ccfc6d4b" outcome="Aborted" testListId="8c84fa94-04c1-424b-9868-57a2d4851a1d" relativeResultsDirectory="3bd38178-8c47-4a01-8efc-adbac51a5bb7">
    </UnitTestResult>
  </Results>
</TestRun>